2022-12-02T13:07:57,177 - CPUUtilization.Percent:0.0|#Level:Host|#hostname:LAPTOP-DMBJ9SCI,timestamp:1669966677
2022-12-02T13:07:57,213 - DiskAvailable.Gigabytes:939.968334197998|#Level:Host|#hostname:LAPTOP-DMBJ9SCI,timestamp:1669966677
2022-12-02T13:07:57,216 - DiskUsage.Gigabytes:15.669975280761719|#Level:Host|#hostname:LAPTOP-DMBJ9SCI,timestamp:1669966677
2022-12-02T13:07:57,221 - DiskUtilization.Percent:1.6|#Level:Host|#hostname:LAPTOP-DMBJ9SCI,timestamp:1669966677
2022-12-02T13:07:57,226 - MemoryAvailable.Megabytes:3006.50390625|#Level:Host|#hostname:LAPTOP-DMBJ9SCI,timestamp:1669966677
2022-12-02T13:07:57,229 - MemoryUsed.Megabytes:610.328125|#Level:Host|#hostname:LAPTOP-DMBJ9SCI,timestamp:1669966677
2022-12-02T13:07:57,232 - MemoryUtilization.Percent:20.2|#Level:Host|#hostname:LAPTOP-DMBJ9SCI,timestamp:1669966677
2022-12-02T13:08:11,426 - W-9003-carpartsdetection_3.0.ms:17596|#Level:Host|#hostname:LAPTOP-DMBJ9SCI,timestamp:1669966691
2022-12-02T13:08:11,428 - WorkerThreadTime.ms:444|#Level:Host|#hostname:LAPTOP-DMBJ9SCI,timestamp:null
2022-12-02T13:08:16,251 - W-9002-carpartsdetection_3.0.ms:22423|#Level:Host|#hostname:LAPTOP-DMBJ9SCI,timestamp:1669966696
2022-12-02T13:08:16,264 - WorkerThreadTime.ms:358|#Level:Host|#hostname:LAPTOP-DMBJ9SCI,timestamp:null
2022-12-02T13:08:16,489 - W-9000-carpartsdetection_3.0.ms:22668|#Level:Host|#hostname:LAPTOP-DMBJ9SCI,timestamp:1669966696
2022-12-02T13:08:16,496 - WorkerThreadTime.ms:355|#Level:Host|#hostname:LAPTOP-DMBJ9SCI,timestamp:null
2022-12-02T13:08:16,588 - W-9001-carpartsdetection_3.0.ms:22760|#Level:Host|#hostname:LAPTOP-DMBJ9SCI,timestamp:1669966696
2022-12-02T13:08:16,598 - WorkerThreadTime.ms:294|#Level:Host|#hostname:LAPTOP-DMBJ9SCI,timestamp:null
2022-12-02T13:08:57,183 - CPUUtilization.Percent:0.0|#Level:Host|#hostname:LAPTOP-DMBJ9SCI,timestamp:1669966737
2022-12-02T13:08:57,189 - DiskAvailable.Gigabytes:939.9674911499023|#Level:Host|#hostname:LAPTOP-DMBJ9SCI,timestamp:1669966737
2022-12-02T13:08:57,194 - DiskUsage.Gigabytes:15.670818328857422|#Level:Host|#hostname:LAPTOP-DMBJ9SCI,timestamp:1669966737
2022-12-02T13:08:57,199 - DiskUtilization.Percent:1.6|#Level:Host|#hostname:LAPTOP-DMBJ9SCI,timestamp:1669966737
2022-12-02T13:08:57,204 - MemoryAvailable.Megabytes:1235.80078125|#Level:Host|#hostname:LAPTOP-DMBJ9SCI,timestamp:1669966737
2022-12-02T13:08:57,209 - MemoryUsed.Megabytes:2376.5390625|#Level:Host|#hostname:LAPTOP-DMBJ9SCI,timestamp:1669966737
2022-12-02T13:08:57,215 - MemoryUtilization.Percent:67.2|#Level:Host|#hostname:LAPTOP-DMBJ9SCI,timestamp:1669966737
2022-12-02T13:09:57,157 - CPUUtilization.Percent:0.0|#Level:Host|#hostname:LAPTOP-DMBJ9SCI,timestamp:1669966797
2022-12-02T13:09:57,163 - DiskAvailable.Gigabytes:939.9674911499023|#Level:Host|#hostname:LAPTOP-DMBJ9SCI,timestamp:1669966797
2022-12-02T13:09:57,168 - DiskUsage.Gigabytes:15.670818328857422|#Level:Host|#hostname:LAPTOP-DMBJ9SCI,timestamp:1669966797
2022-12-02T13:09:57,172 - DiskUtilization.Percent:1.6|#Level:Host|#hostname:LAPTOP-DMBJ9SCI,timestamp:1669966797
2022-12-02T13:09:57,178 - MemoryAvailable.Megabytes:1230.12109375|#Level:Host|#hostname:LAPTOP-DMBJ9SCI,timestamp:1669966797
2022-12-02T13:09:57,183 - MemoryUsed.Megabytes:2382.23046875|#Level:Host|#hostname:LAPTOP-DMBJ9SCI,timestamp:1669966797
2022-12-02T13:09:57,188 - MemoryUtilization.Percent:67.3|#Level:Host|#hostname:LAPTOP-DMBJ9SCI,timestamp:1669966797
2022-12-02T13:10:21,988 - Requests2XX.Count:1|#Level:Host|#hostname:LAPTOP-DMBJ9SCI,timestamp:null
2022-12-02T13:10:22,003 - QueueTime.ms:0|#Level:Host|#hostname:LAPTOP-DMBJ9SCI,timestamp:null
2022-12-02T13:10:22,010 - WorkerThreadTime.ms:157|#Level:Host|#hostname:LAPTOP-DMBJ9SCI,timestamp:null
2022-12-02T13:10:57,191 - CPUUtilization.Percent:0.0|#Level:Host|#hostname:LAPTOP-DMBJ9SCI,timestamp:1669966857
2022-12-02T13:10:57,195 - DiskAvailable.Gigabytes:939.9674911499023|#Level:Host|#hostname:LAPTOP-DMBJ9SCI,timestamp:1669966857
2022-12-02T13:10:57,199 - DiskUsage.Gigabytes:15.670818328857422|#Level:Host|#hostname:LAPTOP-DMBJ9SCI,timestamp:1669966857
2022-12-02T13:10:57,202 - DiskUtilization.Percent:1.6|#Level:Host|#hostname:LAPTOP-DMBJ9SCI,timestamp:1669966857
2022-12-02T13:10:57,204 - MemoryAvailable.Megabytes:905.91015625|#Level:Host|#hostname:LAPTOP-DMBJ9SCI,timestamp:1669966857
2022-12-02T13:10:57,213 - MemoryUsed.Megabytes:2706.41796875|#Level:Host|#hostname:LAPTOP-DMBJ9SCI,timestamp:1669966857
2022-12-02T13:10:57,216 - MemoryUtilization.Percent:76.0|#Level:Host|#hostname:LAPTOP-DMBJ9SCI,timestamp:1669966857
2022-12-02T13:11:57,157 - CPUUtilization.Percent:0.0|#Level:Host|#hostname:LAPTOP-DMBJ9SCI,timestamp:1669966917
2022-12-02T13:11:57,160 - DiskAvailable.Gigabytes:939.9674911499023|#Level:Host|#hostname:LAPTOP-DMBJ9SCI,timestamp:1669966917
2022-12-02T13:11:57,163 - DiskUsage.Gigabytes:15.670818328857422|#Level:Host|#hostname:LAPTOP-DMBJ9SCI,timestamp:1669966917
2022-12-02T13:11:57,166 - DiskUtilization.Percent:1.6|#Level:Host|#hostname:LAPTOP-DMBJ9SCI,timestamp:1669966917
2022-12-02T13:11:57,168 - MemoryAvailable.Megabytes:896.92578125|#Level:Host|#hostname:LAPTOP-DMBJ9SCI,timestamp:1669966917
2022-12-02T13:11:57,170 - MemoryUsed.Megabytes:2715.40625|#Level:Host|#hostname:LAPTOP-DMBJ9SCI,timestamp:1669966917
2022-12-02T13:11:57,173 - MemoryUtilization.Percent:76.2|#Level:Host|#hostname:LAPTOP-DMBJ9SCI,timestamp:1669966917
2022-12-02T13:12:57,150 - CPUUtilization.Percent:0.0|#Level:Host|#hostname:LAPTOP-DMBJ9SCI,timestamp:1669966977
2022-12-02T13:12:57,153 - DiskAvailable.Gigabytes:939.9674911499023|#Level:Host|#hostname:LAPTOP-DMBJ9SCI,timestamp:1669966977
2022-12-02T13:12:57,156 - DiskUsage.Gigabytes:15.670818328857422|#Level:Host|#hostname:LAPTOP-DMBJ9SCI,timestamp:1669966977
2022-12-02T13:12:57,158 - DiskUtilization.Percent:1.6|#Level:Host|#hostname:LAPTOP-DMBJ9SCI,timestamp:1669966977
2022-12-02T13:12:57,161 - MemoryAvailable.Megabytes:891.41015625|#Level:Host|#hostname:LAPTOP-DMBJ9SCI,timestamp:1669966977
2022-12-02T13:12:57,162 - MemoryUsed.Megabytes:2720.9140625|#Level:Host|#hostname:LAPTOP-DMBJ9SCI,timestamp:1669966977
2022-12-02T13:12:57,165 - MemoryUtilization.Percent:76.3|#Level:Host|#hostname:LAPTOP-DMBJ9SCI,timestamp:1669966977
2022-12-02T13:13:57,182 - CPUUtilization.Percent:0.0|#Level:Host|#hostname:LAPTOP-DMBJ9SCI,timestamp:1669967037
2022-12-02T13:13:57,185 - DiskAvailable.Gigabytes:939.9674911499023|#Level:Host|#hostname:LAPTOP-DMBJ9SCI,timestamp:1669967037
2022-12-02T13:13:57,187 - DiskUsage.Gigabytes:15.670818328857422|#Level:Host|#hostname:LAPTOP-DMBJ9SCI,timestamp:1669967037
2022-12-02T13:13:57,190 - DiskUtilization.Percent:1.6|#Level:Host|#hostname:LAPTOP-DMBJ9SCI,timestamp:1669967037
2022-12-02T13:13:57,194 - MemoryAvailable.Megabytes:879.94921875|#Level:Host|#hostname:LAPTOP-DMBJ9SCI,timestamp:1669967037
2022-12-02T13:13:57,197 - MemoryUsed.Megabytes:2732.3828125|#Level:Host|#hostname:LAPTOP-DMBJ9SCI,timestamp:1669967037
2022-12-02T13:13:57,199 - MemoryUtilization.Percent:76.6|#Level:Host|#hostname:LAPTOP-DMBJ9SCI,timestamp:1669967037
2022-12-02T13:14:57,171 - CPUUtilization.Percent:0.0|#Level:Host|#hostname:LAPTOP-DMBJ9SCI,timestamp:1669967097
2022-12-02T13:14:57,174 - DiskAvailable.Gigabytes:939.9674911499023|#Level:Host|#hostname:LAPTOP-DMBJ9SCI,timestamp:1669967097
2022-12-02T13:14:57,176 - DiskUsage.Gigabytes:15.670818328857422|#Level:Host|#hostname:LAPTOP-DMBJ9SCI,timestamp:1669967097
2022-12-02T13:14:57,180 - DiskUtilization.Percent:1.6|#Level:Host|#hostname:LAPTOP-DMBJ9SCI,timestamp:1669967097
2022-12-02T13:14:57,183 - MemoryAvailable.Megabytes:883.484375|#Level:Host|#hostname:LAPTOP-DMBJ9SCI,timestamp:1669967097
2022-12-02T13:14:57,185 - MemoryUsed.Megabytes:2728.83984375|#Level:Host|#hostname:LAPTOP-DMBJ9SCI,timestamp:1669967097
2022-12-02T13:14:57,188 - MemoryUtilization.Percent:76.5|#Level:Host|#hostname:LAPTOP-DMBJ9SCI,timestamp:1669967097
2022-12-02T13:15:57,197 - CPUUtilization.Percent:0.0|#Level:Host|#hostname:LAPTOP-DMBJ9SCI,timestamp:1669967157
2022-12-02T13:15:57,202 - DiskAvailable.Gigabytes:939.9674911499023|#Level:Host|#hostname:LAPTOP-DMBJ9SCI,timestamp:1669967157
2022-12-02T13:15:57,208 - DiskUsage.Gigabytes:15.670818328857422|#Level:Host|#hostname:LAPTOP-DMBJ9SCI,timestamp:1669967157
2022-12-02T13:15:57,216 - DiskUtilization.Percent:1.6|#Level:Host|#hostname:LAPTOP-DMBJ9SCI,timestamp:1669967157
2022-12-02T13:15:57,219 - MemoryAvailable.Megabytes:880.859375|#Level:Host|#hostname:LAPTOP-DMBJ9SCI,timestamp:1669967157
2022-12-02T13:15:57,221 - MemoryUsed.Megabytes:2731.46484375|#Level:Host|#hostname:LAPTOP-DMBJ9SCI,timestamp:1669967157
2022-12-02T13:15:57,223 - MemoryUtilization.Percent:76.6|#Level:Host|#hostname:LAPTOP-DMBJ9SCI,timestamp:1669967157
2022-12-02T13:16:57,165 - CPUUtilization.Percent:0.0|#Level:Host|#hostname:LAPTOP-DMBJ9SCI,timestamp:1669967217
2022-12-02T13:16:57,167 - DiskAvailable.Gigabytes:939.9674911499023|#Level:Host|#hostname:LAPTOP-DMBJ9SCI,timestamp:1669967217
2022-12-02T13:16:57,169 - DiskUsage.Gigabytes:15.670818328857422|#Level:Host|#hostname:LAPTOP-DMBJ9SCI,timestamp:1669967217
2022-12-02T13:16:57,171 - DiskUtilization.Percent:1.6|#Level:Host|#hostname:LAPTOP-DMBJ9SCI,timestamp:1669967217
2022-12-02T13:16:57,174 - MemoryAvailable.Megabytes:873.98046875|#Level:Host|#hostname:LAPTOP-DMBJ9SCI,timestamp:1669967217
2022-12-02T13:16:57,177 - MemoryUsed.Megabytes:2738.34375|#Level:Host|#hostname:LAPTOP-DMBJ9SCI,timestamp:1669967217
2022-12-02T13:16:57,180 - MemoryUtilization.Percent:76.8|#Level:Host|#hostname:LAPTOP-DMBJ9SCI,timestamp:1669967217
2022-12-02T13:17:57,227 - CPUUtilization.Percent:0.0|#Level:Host|#hostname:LAPTOP-DMBJ9SCI,timestamp:1669967277
2022-12-02T13:17:57,229 - DiskAvailable.Gigabytes:939.9674911499023|#Level:Host|#hostname:LAPTOP-DMBJ9SCI,timestamp:1669967277
2022-12-02T13:17:57,232 - DiskUsage.Gigabytes:15.670818328857422|#Level:Host|#hostname:LAPTOP-DMBJ9SCI,timestamp:1669967277
2022-12-02T13:17:57,234 - DiskUtilization.Percent:1.6|#Level:Host|#hostname:LAPTOP-DMBJ9SCI,timestamp:1669967277
2022-12-02T13:17:57,236 - MemoryAvailable.Megabytes:867.98828125|#Level:Host|#hostname:LAPTOP-DMBJ9SCI,timestamp:1669967277
2022-12-02T13:17:57,239 - MemoryUsed.Megabytes:2744.3359375|#Level:Host|#hostname:LAPTOP-DMBJ9SCI,timestamp:1669967277
2022-12-02T13:17:57,246 - MemoryUtilization.Percent:77.0|#Level:Host|#hostname:LAPTOP-DMBJ9SCI,timestamp:1669967277
2022-12-02T13:18:57,168 - CPUUtilization.Percent:0.0|#Level:Host|#hostname:LAPTOP-DMBJ9SCI,timestamp:1669967337
2022-12-02T13:18:57,171 - DiskAvailable.Gigabytes:939.9674911499023|#Level:Host|#hostname:LAPTOP-DMBJ9SCI,timestamp:1669967337
2022-12-02T13:18:57,173 - DiskUsage.Gigabytes:15.670818328857422|#Level:Host|#hostname:LAPTOP-DMBJ9SCI,timestamp:1669967337
2022-12-02T13:18:57,176 - DiskUtilization.Percent:1.6|#Level:Host|#hostname:LAPTOP-DMBJ9SCI,timestamp:1669967337
2022-12-02T13:18:57,179 - MemoryAvailable.Megabytes:869.01171875|#Level:Host|#hostname:LAPTOP-DMBJ9SCI,timestamp:1669967337
2022-12-02T13:18:57,181 - MemoryUsed.Megabytes:2743.3125|#Level:Host|#hostname:LAPTOP-DMBJ9SCI,timestamp:1669967337
2022-12-02T13:18:57,184 - MemoryUtilization.Percent:76.9|#Level:Host|#hostname:LAPTOP-DMBJ9SCI,timestamp:1669967337
2022-12-02T13:19:57,177 - CPUUtilization.Percent:0.0|#Level:Host|#hostname:LAPTOP-DMBJ9SCI,timestamp:1669967397
2022-12-02T13:19:57,179 - DiskAvailable.Gigabytes:939.9674911499023|#Level:Host|#hostname:LAPTOP-DMBJ9SCI,timestamp:1669967397
2022-12-02T13:19:57,183 - DiskUsage.Gigabytes:15.670818328857422|#Level:Host|#hostname:LAPTOP-DMBJ9SCI,timestamp:1669967397
2022-12-02T13:19:57,187 - DiskUtilization.Percent:1.6|#Level:Host|#hostname:LAPTOP-DMBJ9SCI,timestamp:1669967397
2022-12-02T13:19:57,190 - MemoryAvailable.Megabytes:858.921875|#Level:Host|#hostname:LAPTOP-DMBJ9SCI,timestamp:1669967397
2022-12-02T13:19:57,192 - MemoryUsed.Megabytes:2753.40625|#Level:Host|#hostname:LAPTOP-DMBJ9SCI,timestamp:1669967397
2022-12-02T13:19:57,194 - MemoryUtilization.Percent:77.2|#Level:Host|#hostname:LAPTOP-DMBJ9SCI,timestamp:1669967397
2022-12-02T13:20:57,193 - CPUUtilization.Percent:0.0|#Level:Host|#hostname:LAPTOP-DMBJ9SCI,timestamp:1669967457
2022-12-02T13:20:57,197 - DiskAvailable.Gigabytes:939.9674911499023|#Level:Host|#hostname:LAPTOP-DMBJ9SCI,timestamp:1669967457
2022-12-02T13:20:57,200 - DiskUsage.Gigabytes:15.670818328857422|#Level:Host|#hostname:LAPTOP-DMBJ9SCI,timestamp:1669967457
2022-12-02T13:20:57,202 - DiskUtilization.Percent:1.6|#Level:Host|#hostname:LAPTOP-DMBJ9SCI,timestamp:1669967457
2022-12-02T13:20:57,204 - MemoryAvailable.Megabytes:855.609375|#Level:Host|#hostname:LAPTOP-DMBJ9SCI,timestamp:1669967457
2022-12-02T13:20:57,206 - MemoryUsed.Megabytes:2756.71484375|#Level:Host|#hostname:LAPTOP-DMBJ9SCI,timestamp:1669967457
2022-12-02T13:20:57,209 - MemoryUtilization.Percent:77.3|#Level:Host|#hostname:LAPTOP-DMBJ9SCI,timestamp:1669967457
2022-12-02T13:21:57,152 - CPUUtilization.Percent:0.0|#Level:Host|#hostname:LAPTOP-DMBJ9SCI,timestamp:1669967517
2022-12-02T13:21:57,154 - DiskAvailable.Gigabytes:939.9674911499023|#Level:Host|#hostname:LAPTOP-DMBJ9SCI,timestamp:1669967517
2022-12-02T13:21:57,157 - DiskUsage.Gigabytes:15.670818328857422|#Level:Host|#hostname:LAPTOP-DMBJ9SCI,timestamp:1669967517
2022-12-02T13:21:57,159 - DiskUtilization.Percent:1.6|#Level:Host|#hostname:LAPTOP-DMBJ9SCI,timestamp:1669967517
2022-12-02T13:21:57,162 - MemoryAvailable.Megabytes:858.6953125|#Level:Host|#hostname:LAPTOP-DMBJ9SCI,timestamp:1669967517
2022-12-02T13:21:57,164 - MemoryUsed.Megabytes:2753.6328125|#Level:Host|#hostname:LAPTOP-DMBJ9SCI,timestamp:1669967517
2022-12-02T13:21:57,166 - MemoryUtilization.Percent:77.2|#Level:Host|#hostname:LAPTOP-DMBJ9SCI,timestamp:1669967517
2022-12-02T13:22:57,203 - CPUUtilization.Percent:0.0|#Level:Host|#hostname:LAPTOP-DMBJ9SCI,timestamp:1669967577
2022-12-02T13:22:57,206 - DiskAvailable.Gigabytes:939.9674911499023|#Level:Host|#hostname:LAPTOP-DMBJ9SCI,timestamp:1669967577
2022-12-02T13:22:57,208 - DiskUsage.Gigabytes:15.670818328857422|#Level:Host|#hostname:LAPTOP-DMBJ9SCI,timestamp:1669967577
2022-12-02T13:22:57,210 - DiskUtilization.Percent:1.6|#Level:Host|#hostname:LAPTOP-DMBJ9SCI,timestamp:1669967577
2022-12-02T13:22:57,213 - MemoryAvailable.Megabytes:862.1171875|#Level:Host|#hostname:LAPTOP-DMBJ9SCI,timestamp:1669967577
2022-12-02T13:22:57,215 - MemoryUsed.Megabytes:2750.20703125|#Level:Host|#hostname:LAPTOP-DMBJ9SCI,timestamp:1669967577
2022-12-02T13:22:57,217 - MemoryUtilization.Percent:77.1|#Level:Host|#hostname:LAPTOP-DMBJ9SCI,timestamp:1669967577
2022-12-02T13:23:57,145 - CPUUtilization.Percent:0.0|#Level:Host|#hostname:LAPTOP-DMBJ9SCI,timestamp:1669967637
2022-12-02T13:23:57,147 - DiskAvailable.Gigabytes:939.9674911499023|#Level:Host|#hostname:LAPTOP-DMBJ9SCI,timestamp:1669967637
2022-12-02T13:23:57,151 - DiskUsage.Gigabytes:15.670818328857422|#Level:Host|#hostname:LAPTOP-DMBJ9SCI,timestamp:1669967637
2022-12-02T13:23:57,154 - DiskUtilization.Percent:1.6|#Level:Host|#hostname:LAPTOP-DMBJ9SCI,timestamp:1669967637
2022-12-02T13:23:57,156 - MemoryAvailable.Megabytes:847.30078125|#Level:Host|#hostname:LAPTOP-DMBJ9SCI,timestamp:1669967637
2022-12-02T13:23:57,158 - MemoryUsed.Megabytes:2765.0234375|#Level:Host|#hostname:LAPTOP-DMBJ9SCI,timestamp:1669967637
2022-12-02T13:23:57,160 - MemoryUtilization.Percent:77.5|#Level:Host|#hostname:LAPTOP-DMBJ9SCI,timestamp:1669967637
2022-12-02T13:24:57,197 - CPUUtilization.Percent:0.0|#Level:Host|#hostname:LAPTOP-DMBJ9SCI,timestamp:1669967697
2022-12-02T13:24:57,201 - DiskAvailable.Gigabytes:939.9674911499023|#Level:Host|#hostname:LAPTOP-DMBJ9SCI,timestamp:1669967697
2022-12-02T13:24:57,208 - DiskUsage.Gigabytes:15.670818328857422|#Level:Host|#hostname:LAPTOP-DMBJ9SCI,timestamp:1669967697
2022-12-02T13:24:57,211 - DiskUtilization.Percent:1.6|#Level:Host|#hostname:LAPTOP-DMBJ9SCI,timestamp:1669967697
2022-12-02T13:24:57,217 - MemoryAvailable.Megabytes:843.1796875|#Level:Host|#hostname:LAPTOP-DMBJ9SCI,timestamp:1669967697
2022-12-02T13:24:57,224 - MemoryUsed.Megabytes:2769.13671875|#Level:Host|#hostname:LAPTOP-DMBJ9SCI,timestamp:1669967697
2022-12-02T13:24:57,228 - MemoryUtilization.Percent:77.6|#Level:Host|#hostname:LAPTOP-DMBJ9SCI,timestamp:1669967697
2022-12-02T13:25:57,150 - CPUUtilization.Percent:0.0|#Level:Host|#hostname:LAPTOP-DMBJ9SCI,timestamp:1669967757
2022-12-02T13:25:57,153 - DiskAvailable.Gigabytes:939.9674911499023|#Level:Host|#hostname:LAPTOP-DMBJ9SCI,timestamp:1669967757
2022-12-02T13:25:57,156 - DiskUsage.Gigabytes:15.670818328857422|#Level:Host|#hostname:LAPTOP-DMBJ9SCI,timestamp:1669967757
2022-12-02T13:25:57,158 - DiskUtilization.Percent:1.6|#Level:Host|#hostname:LAPTOP-DMBJ9SCI,timestamp:1669967757
2022-12-02T13:25:57,161 - MemoryAvailable.Megabytes:833.83203125|#Level:Host|#hostname:LAPTOP-DMBJ9SCI,timestamp:1669967757
2022-12-02T13:25:57,164 - MemoryUsed.Megabytes:2778.484375|#Level:Host|#hostname:LAPTOP-DMBJ9SCI,timestamp:1669967757
2022-12-02T13:25:57,166 - MemoryUtilization.Percent:77.9|#Level:Host|#hostname:LAPTOP-DMBJ9SCI,timestamp:1669967757
2022-12-02T13:26:57,179 - CPUUtilization.Percent:0.0|#Level:Host|#hostname:LAPTOP-DMBJ9SCI,timestamp:1669967817
2022-12-02T13:26:57,182 - DiskAvailable.Gigabytes:939.9674911499023|#Level:Host|#hostname:LAPTOP-DMBJ9SCI,timestamp:1669967817
2022-12-02T13:26:57,184 - DiskUsage.Gigabytes:15.670818328857422|#Level:Host|#hostname:LAPTOP-DMBJ9SCI,timestamp:1669967817
2022-12-02T13:26:57,186 - DiskUtilization.Percent:1.6|#Level:Host|#hostname:LAPTOP-DMBJ9SCI,timestamp:1669967817
2022-12-02T13:26:57,189 - MemoryAvailable.Megabytes:833.28515625|#Level:Host|#hostname:LAPTOP-DMBJ9SCI,timestamp:1669967817
2022-12-02T13:26:57,192 - MemoryUsed.Megabytes:2779.03125|#Level:Host|#hostname:LAPTOP-DMBJ9SCI,timestamp:1669967817
2022-12-02T13:26:57,195 - MemoryUtilization.Percent:77.9|#Level:Host|#hostname:LAPTOP-DMBJ9SCI,timestamp:1669967817
2022-12-02T13:27:57,147 - CPUUtilization.Percent:0.0|#Level:Host|#hostname:LAPTOP-DMBJ9SCI,timestamp:1669967877
2022-12-02T13:27:57,150 - DiskAvailable.Gigabytes:939.9674911499023|#Level:Host|#hostname:LAPTOP-DMBJ9SCI,timestamp:1669967877
2022-12-02T13:27:57,152 - DiskUsage.Gigabytes:15.670818328857422|#Level:Host|#hostname:LAPTOP-DMBJ9SCI,timestamp:1669967877
2022-12-02T13:27:57,154 - DiskUtilization.Percent:1.6|#Level:Host|#hostname:LAPTOP-DMBJ9SCI,timestamp:1669967877
2022-12-02T13:27:57,158 - MemoryAvailable.Megabytes:841.421875|#Level:Host|#hostname:LAPTOP-DMBJ9SCI,timestamp:1669967877
2022-12-02T13:27:57,162 - MemoryUsed.Megabytes:2770.90234375|#Level:Host|#hostname:LAPTOP-DMBJ9SCI,timestamp:1669967877
2022-12-02T13:27:57,166 - MemoryUtilization.Percent:77.7|#Level:Host|#hostname:LAPTOP-DMBJ9SCI,timestamp:1669967877
2022-12-02T13:28:57,173 - CPUUtilization.Percent:50.0|#Level:Host|#hostname:LAPTOP-DMBJ9SCI,timestamp:1669967937
2022-12-02T13:28:57,180 - DiskAvailable.Gigabytes:939.9674911499023|#Level:Host|#hostname:LAPTOP-DMBJ9SCI,timestamp:1669967937
2022-12-02T13:28:57,183 - DiskUsage.Gigabytes:15.670818328857422|#Level:Host|#hostname:LAPTOP-DMBJ9SCI,timestamp:1669967937
2022-12-02T13:28:57,186 - DiskUtilization.Percent:1.6|#Level:Host|#hostname:LAPTOP-DMBJ9SCI,timestamp:1669967937
2022-12-02T13:28:57,188 - MemoryAvailable.Megabytes:839.40625|#Level:Host|#hostname:LAPTOP-DMBJ9SCI,timestamp:1669967937
2022-12-02T13:28:57,196 - MemoryUsed.Megabytes:2772.91796875|#Level:Host|#hostname:LAPTOP-DMBJ9SCI,timestamp:1669967937
2022-12-02T13:28:57,198 - MemoryUtilization.Percent:77.7|#Level:Host|#hostname:LAPTOP-DMBJ9SCI,timestamp:1669967937
2022-12-02T13:29:57,171 - CPUUtilization.Percent:0.0|#Level:Host|#hostname:LAPTOP-DMBJ9SCI,timestamp:1669967997
2022-12-02T13:29:57,173 - DiskAvailable.Gigabytes:939.9674911499023|#Level:Host|#hostname:LAPTOP-DMBJ9SCI,timestamp:1669967997
2022-12-02T13:29:57,175 - DiskUsage.Gigabytes:15.670818328857422|#Level:Host|#hostname:LAPTOP-DMBJ9SCI,timestamp:1669967997
2022-12-02T13:29:57,177 - DiskUtilization.Percent:1.6|#Level:Host|#hostname:LAPTOP-DMBJ9SCI,timestamp:1669967997
2022-12-02T13:29:57,184 - MemoryAvailable.Megabytes:824.09765625|#Level:Host|#hostname:LAPTOP-DMBJ9SCI,timestamp:1669967997
2022-12-02T13:29:57,188 - MemoryUsed.Megabytes:2788.2265625|#Level:Host|#hostname:LAPTOP-DMBJ9SCI,timestamp:1669967997
2022-12-02T13:29:57,191 - MemoryUtilization.Percent:78.1|#Level:Host|#hostname:LAPTOP-DMBJ9SCI,timestamp:1669967997
2022-12-02T13:30:57,326 - CPUUtilization.Percent:0.0|#Level:Host|#hostname:LAPTOP-DMBJ9SCI,timestamp:1669968057
2022-12-02T13:30:57,331 - DiskAvailable.Gigabytes:939.9674911499023|#Level:Host|#hostname:LAPTOP-DMBJ9SCI,timestamp:1669968057
2022-12-02T13:30:57,333 - DiskUsage.Gigabytes:15.670818328857422|#Level:Host|#hostname:LAPTOP-DMBJ9SCI,timestamp:1669968057
2022-12-02T13:30:57,337 - DiskUtilization.Percent:1.6|#Level:Host|#hostname:LAPTOP-DMBJ9SCI,timestamp:1669968057
2022-12-02T13:30:57,344 - MemoryAvailable.Megabytes:819.69140625|#Level:Host|#hostname:LAPTOP-DMBJ9SCI,timestamp:1669968057
2022-12-02T13:30:57,359 - MemoryUsed.Megabytes:2792.625|#Level:Host|#hostname:LAPTOP-DMBJ9SCI,timestamp:1669968057
2022-12-02T13:30:57,362 - MemoryUtilization.Percent:78.2|#Level:Host|#hostname:LAPTOP-DMBJ9SCI,timestamp:1669968057
2022-12-02T13:31:57,190 - CPUUtilization.Percent:0.0|#Level:Host|#hostname:LAPTOP-DMBJ9SCI,timestamp:1669968117
2022-12-02T13:31:57,193 - DiskAvailable.Gigabytes:939.9674911499023|#Level:Host|#hostname:LAPTOP-DMBJ9SCI,timestamp:1669968117
2022-12-02T13:31:57,195 - DiskUsage.Gigabytes:15.670818328857422|#Level:Host|#hostname:LAPTOP-DMBJ9SCI,timestamp:1669968117
2022-12-02T13:31:57,200 - DiskUtilization.Percent:1.6|#Level:Host|#hostname:LAPTOP-DMBJ9SCI,timestamp:1669968117
2022-12-02T13:31:57,202 - MemoryAvailable.Megabytes:813.61328125|#Level:Host|#hostname:LAPTOP-DMBJ9SCI,timestamp:1669968117
2022-12-02T13:31:57,205 - MemoryUsed.Megabytes:2798.6953125|#Level:Host|#hostname:LAPTOP-DMBJ9SCI,timestamp:1669968117
2022-12-02T13:31:57,207 - MemoryUtilization.Percent:78.4|#Level:Host|#hostname:LAPTOP-DMBJ9SCI,timestamp:1669968117
2022-12-02T13:32:57,182 - CPUUtilization.Percent:0.0|#Level:Host|#hostname:LAPTOP-DMBJ9SCI,timestamp:1669968177
2022-12-02T13:32:57,277 - DiskAvailable.Gigabytes:939.9674911499023|#Level:Host|#hostname:LAPTOP-DMBJ9SCI,timestamp:1669968177
2022-12-02T13:32:57,282 - DiskUsage.Gigabytes:15.670818328857422|#Level:Host|#hostname:LAPTOP-DMBJ9SCI,timestamp:1669968177
2022-12-02T13:32:57,284 - DiskUtilization.Percent:1.6|#Level:Host|#hostname:LAPTOP-DMBJ9SCI,timestamp:1669968177
2022-12-02T13:32:57,286 - MemoryAvailable.Megabytes:815.04296875|#Level:Host|#hostname:LAPTOP-DMBJ9SCI,timestamp:1669968177
2022-12-02T13:32:57,289 - MemoryUsed.Megabytes:2797.2734375|#Level:Host|#hostname:LAPTOP-DMBJ9SCI,timestamp:1669968177
2022-12-02T13:32:57,292 - MemoryUtilization.Percent:78.4|#Level:Host|#hostname:LAPTOP-DMBJ9SCI,timestamp:1669968177
2022-12-02T13:33:57,308 - CPUUtilization.Percent:0.0|#Level:Host|#hostname:LAPTOP-DMBJ9SCI,timestamp:1669968237
2022-12-02T13:33:57,311 - DiskAvailable.Gigabytes:939.9674911499023|#Level:Host|#hostname:LAPTOP-DMBJ9SCI,timestamp:1669968237
2022-12-02T13:33:57,313 - DiskUsage.Gigabytes:15.670818328857422|#Level:Host|#hostname:LAPTOP-DMBJ9SCI,timestamp:1669968237
2022-12-02T13:33:57,316 - DiskUtilization.Percent:1.6|#Level:Host|#hostname:LAPTOP-DMBJ9SCI,timestamp:1669968237
2022-12-02T13:33:57,319 - MemoryAvailable.Megabytes:813.6640625|#Level:Host|#hostname:LAPTOP-DMBJ9SCI,timestamp:1669968237
2022-12-02T13:33:57,321 - MemoryUsed.Megabytes:2798.65234375|#Level:Host|#hostname:LAPTOP-DMBJ9SCI,timestamp:1669968237
2022-12-02T13:33:57,324 - MemoryUtilization.Percent:78.4|#Level:Host|#hostname:LAPTOP-DMBJ9SCI,timestamp:1669968237
2022-12-02T13:34:57,154 - CPUUtilization.Percent:0.0|#Level:Host|#hostname:LAPTOP-DMBJ9SCI,timestamp:1669968297
2022-12-02T13:34:57,164 - DiskAvailable.Gigabytes:939.9674911499023|#Level:Host|#hostname:LAPTOP-DMBJ9SCI,timestamp:1669968297
2022-12-02T13:34:57,166 - DiskUsage.Gigabytes:15.670818328857422|#Level:Host|#hostname:LAPTOP-DMBJ9SCI,timestamp:1669968297
2022-12-02T13:34:57,169 - DiskUtilization.Percent:1.6|#Level:Host|#hostname:LAPTOP-DMBJ9SCI,timestamp:1669968297
2022-12-02T13:34:57,173 - MemoryAvailable.Megabytes:813.4296875|#Level:Host|#hostname:LAPTOP-DMBJ9SCI,timestamp:1669968297
2022-12-02T13:34:57,175 - MemoryUsed.Megabytes:2798.88671875|#Level:Host|#hostname:LAPTOP-DMBJ9SCI,timestamp:1669968297
2022-12-02T13:34:57,178 - MemoryUtilization.Percent:78.4|#Level:Host|#hostname:LAPTOP-DMBJ9SCI,timestamp:1669968297
2022-12-02T13:35:57,191 - CPUUtilization.Percent:0.0|#Level:Host|#hostname:LAPTOP-DMBJ9SCI,timestamp:1669968357
2022-12-02T13:35:57,194 - DiskAvailable.Gigabytes:939.9674911499023|#Level:Host|#hostname:LAPTOP-DMBJ9SCI,timestamp:1669968357
2022-12-02T13:35:57,196 - DiskUsage.Gigabytes:15.670818328857422|#Level:Host|#hostname:LAPTOP-DMBJ9SCI,timestamp:1669968357
2022-12-02T13:35:57,199 - DiskUtilization.Percent:1.6|#Level:Host|#hostname:LAPTOP-DMBJ9SCI,timestamp:1669968357
2022-12-02T13:35:57,201 - MemoryAvailable.Megabytes:791.15625|#Level:Host|#hostname:LAPTOP-DMBJ9SCI,timestamp:1669968357
2022-12-02T13:35:57,203 - MemoryUsed.Megabytes:2821.16015625|#Level:Host|#hostname:LAPTOP-DMBJ9SCI,timestamp:1669968357
2022-12-02T13:35:57,205 - MemoryUtilization.Percent:79.0|#Level:Host|#hostname:LAPTOP-DMBJ9SCI,timestamp:1669968357
2022-12-02T13:36:58,743 - CPUUtilization.Percent:8.3|#Level:Host|#hostname:LAPTOP-DMBJ9SCI,timestamp:1669968418
2022-12-02T13:36:58,823 - DiskAvailable.Gigabytes:939.9674911499023|#Level:Host|#hostname:LAPTOP-DMBJ9SCI,timestamp:1669968418
2022-12-02T13:36:58,883 - DiskUsage.Gigabytes:15.670818328857422|#Level:Host|#hostname:LAPTOP-DMBJ9SCI,timestamp:1669968418
2022-12-02T13:36:59,125 - DiskUtilization.Percent:1.6|#Level:Host|#hostname:LAPTOP-DMBJ9SCI,timestamp:1669968418
2022-12-02T13:36:59,524 - MemoryAvailable.Megabytes:790.98828125|#Level:Host|#hostname:LAPTOP-DMBJ9SCI,timestamp:1669968418
2022-12-02T13:36:59,581 - MemoryUsed.Megabytes:2821.328125|#Level:Host|#hostname:LAPTOP-DMBJ9SCI,timestamp:1669968418
2022-12-02T13:36:59,674 - MemoryUtilization.Percent:79.0|#Level:Host|#hostname:LAPTOP-DMBJ9SCI,timestamp:1669968418
2022-12-02T13:37:57,290 - CPUUtilization.Percent:0.0|#Level:Host|#hostname:LAPTOP-DMBJ9SCI,timestamp:1669968477
2022-12-02T13:37:57,368 - DiskAvailable.Gigabytes:939.9674911499023|#Level:Host|#hostname:LAPTOP-DMBJ9SCI,timestamp:1669968477
2022-12-02T13:37:57,375 - DiskUsage.Gigabytes:15.670818328857422|#Level:Host|#hostname:LAPTOP-DMBJ9SCI,timestamp:1669968477
2022-12-02T13:37:57,391 - DiskUtilization.Percent:1.6|#Level:Host|#hostname:LAPTOP-DMBJ9SCI,timestamp:1669968477
2022-12-02T13:37:57,400 - MemoryAvailable.Megabytes:792.51171875|#Level:Host|#hostname:LAPTOP-DMBJ9SCI,timestamp:1669968477
2022-12-02T13:37:57,413 - MemoryUsed.Megabytes:2819.8046875|#Level:Host|#hostname:LAPTOP-DMBJ9SCI,timestamp:1669968477
2022-12-02T13:37:57,419 - MemoryUtilization.Percent:79.0|#Level:Host|#hostname:LAPTOP-DMBJ9SCI,timestamp:1669968477
2022-12-02T13:42:01,420 - CPUUtilization.Percent:0.0|#Level:Host|#hostname:LAPTOP-DMBJ9SCI,timestamp:1669968721
2022-12-02T13:42:01,425 - DiskAvailable.Gigabytes:939.968334197998|#Level:Host|#hostname:LAPTOP-DMBJ9SCI,timestamp:1669968721
2022-12-02T13:42:01,428 - DiskUsage.Gigabytes:15.669975280761719|#Level:Host|#hostname:LAPTOP-DMBJ9SCI,timestamp:1669968721
2022-12-02T13:42:01,455 - DiskUtilization.Percent:1.6|#Level:Host|#hostname:LAPTOP-DMBJ9SCI,timestamp:1669968721
2022-12-02T13:42:01,460 - MemoryAvailable.Megabytes:2783.265625|#Level:Host|#hostname:LAPTOP-DMBJ9SCI,timestamp:1669968721
2022-12-02T13:42:01,477 - MemoryUsed.Megabytes:829.08203125|#Level:Host|#hostname:LAPTOP-DMBJ9SCI,timestamp:1669968721
2022-12-02T13:42:01,481 - MemoryUtilization.Percent:26.1|#Level:Host|#hostname:LAPTOP-DMBJ9SCI,timestamp:1669968721
2022-12-02T13:42:05,942 - W-9003-carpartsdetection_3.0.ms:6834|#Level:Host|#hostname:LAPTOP-DMBJ9SCI,timestamp:1669968725
2022-12-02T13:42:05,945 - WorkerThreadTime.ms:153|#Level:Host|#hostname:LAPTOP-DMBJ9SCI,timestamp:null
2022-12-02T13:42:13,888 - W-9001-carpartsdetection_3.0.ms:14781|#Level:Host|#hostname:LAPTOP-DMBJ9SCI,timestamp:1669968733
2022-12-02T13:42:13,893 - WorkerThreadTime.ms:97|#Level:Host|#hostname:LAPTOP-DMBJ9SCI,timestamp:null
2022-12-02T13:42:13,914 - W-9000-carpartsdetection_3.0.ms:14815|#Level:Host|#hostname:LAPTOP-DMBJ9SCI,timestamp:1669968733
2022-12-02T13:42:13,916 - WorkerThreadTime.ms:78|#Level:Host|#hostname:LAPTOP-DMBJ9SCI,timestamp:null
2022-12-02T13:42:14,087 - W-9002-carpartsdetection_3.0.ms:14979|#Level:Host|#hostname:LAPTOP-DMBJ9SCI,timestamp:1669968734
2022-12-02T13:42:14,090 - WorkerThreadTime.ms:66|#Level:Host|#hostname:LAPTOP-DMBJ9SCI,timestamp:null
2022-12-02T13:42:28,732 - Requests2XX.Count:1|#Level:Host|#hostname:LAPTOP-DMBJ9SCI,timestamp:null
2022-12-02T13:42:28,738 - QueueTime.ms:4|#Level:Host|#hostname:LAPTOP-DMBJ9SCI,timestamp:null
2022-12-02T13:42:28,740 - WorkerThreadTime.ms:29|#Level:Host|#hostname:LAPTOP-DMBJ9SCI,timestamp:null
2022-12-02T13:43:01,369 - CPUUtilization.Percent:0.0|#Level:Host|#hostname:LAPTOP-DMBJ9SCI,timestamp:1669968781
2022-12-02T13:43:01,375 - DiskAvailable.Gigabytes:939.9674911499023|#Level:Host|#hostname:LAPTOP-DMBJ9SCI,timestamp:1669968781
2022-12-02T13:43:01,380 - DiskUsage.Gigabytes:15.670818328857422|#Level:Host|#hostname:LAPTOP-DMBJ9SCI,timestamp:1669968781
2022-12-02T13:43:01,383 - DiskUtilization.Percent:1.6|#Level:Host|#hostname:LAPTOP-DMBJ9SCI,timestamp:1669968781
2022-12-02T13:43:01,388 - MemoryAvailable.Megabytes:945.71484375|#Level:Host|#hostname:LAPTOP-DMBJ9SCI,timestamp:1669968781
2022-12-02T13:43:01,393 - MemoryUsed.Megabytes:2666.5703125|#Level:Host|#hostname:LAPTOP-DMBJ9SCI,timestamp:1669968781
2022-12-02T13:43:01,397 - MemoryUtilization.Percent:74.9|#Level:Host|#hostname:LAPTOP-DMBJ9SCI,timestamp:1669968781
2022-12-02T13:44:01,295 - CPUUtilization.Percent:0.0|#Level:Host|#hostname:LAPTOP-DMBJ9SCI,timestamp:1669968841
2022-12-02T13:44:01,302 - DiskAvailable.Gigabytes:939.9674911499023|#Level:Host|#hostname:LAPTOP-DMBJ9SCI,timestamp:1669968841
2022-12-02T13:44:01,311 - DiskUsage.Gigabytes:15.670818328857422|#Level:Host|#hostname:LAPTOP-DMBJ9SCI,timestamp:1669968841
2022-12-02T13:44:01,317 - DiskUtilization.Percent:1.6|#Level:Host|#hostname:LAPTOP-DMBJ9SCI,timestamp:1669968841
2022-12-02T13:44:01,323 - MemoryAvailable.Megabytes:936.87109375|#Level:Host|#hostname:LAPTOP-DMBJ9SCI,timestamp:1669968841
2022-12-02T13:44:01,328 - MemoryUsed.Megabytes:2675.40625|#Level:Host|#hostname:LAPTOP-DMBJ9SCI,timestamp:1669968841
2022-12-02T13:44:01,334 - MemoryUtilization.Percent:75.1|#Level:Host|#hostname:LAPTOP-DMBJ9SCI,timestamp:1669968841
2022-12-02T13:45:01,421 - CPUUtilization.Percent:0.0|#Level:Host|#hostname:LAPTOP-DMBJ9SCI,timestamp:1669968901
2022-12-02T13:45:01,432 - DiskAvailable.Gigabytes:939.9674911499023|#Level:Host|#hostname:LAPTOP-DMBJ9SCI,timestamp:1669968901
2022-12-02T13:45:01,439 - DiskUsage.Gigabytes:15.670818328857422|#Level:Host|#hostname:LAPTOP-DMBJ9SCI,timestamp:1669968901
2022-12-02T13:45:01,447 - DiskUtilization.Percent:1.6|#Level:Host|#hostname:LAPTOP-DMBJ9SCI,timestamp:1669968901
2022-12-02T13:45:01,454 - MemoryAvailable.Megabytes:932.68359375|#Level:Host|#hostname:LAPTOP-DMBJ9SCI,timestamp:1669968901
2022-12-02T13:45:01,462 - MemoryUsed.Megabytes:2679.58203125|#Level:Host|#hostname:LAPTOP-DMBJ9SCI,timestamp:1669968901
2022-12-02T13:45:01,469 - MemoryUtilization.Percent:75.2|#Level:Host|#hostname:LAPTOP-DMBJ9SCI,timestamp:1669968901
2022-12-02T13:46:01,284 - CPUUtilization.Percent:0.0|#Level:Host|#hostname:LAPTOP-DMBJ9SCI,timestamp:1669968961
2022-12-02T13:46:01,287 - DiskAvailable.Gigabytes:939.9674911499023|#Level:Host|#hostname:LAPTOP-DMBJ9SCI,timestamp:1669968961
2022-12-02T13:46:01,291 - DiskUsage.Gigabytes:15.670818328857422|#Level:Host|#hostname:LAPTOP-DMBJ9SCI,timestamp:1669968961
2022-12-02T13:46:01,294 - DiskUtilization.Percent:1.6|#Level:Host|#hostname:LAPTOP-DMBJ9SCI,timestamp:1669968961
2022-12-02T13:46:01,298 - MemoryAvailable.Megabytes:925.1640625|#Level:Host|#hostname:LAPTOP-DMBJ9SCI,timestamp:1669968961
2022-12-02T13:46:01,304 - MemoryUsed.Megabytes:2687.1171875|#Level:Host|#hostname:LAPTOP-DMBJ9SCI,timestamp:1669968961
2022-12-02T13:46:01,308 - MemoryUtilization.Percent:75.4|#Level:Host|#hostname:LAPTOP-DMBJ9SCI,timestamp:1669968961
2022-12-02T13:46:11,650 - Requests4XX.Count:1|#Level:Host|#hostname:LAPTOP-DMBJ9SCI,timestamp:null
2022-12-02T13:46:22,292 - Requests4XX.Count:1|#Level:Host|#hostname:LAPTOP-DMBJ9SCI,timestamp:null
2022-12-02T13:46:59,726 - Requests2XX.Count:1|#Level:Host|#hostname:LAPTOP-DMBJ9SCI,timestamp:null
2022-12-02T13:46:59,740 - QueueTime.ms:4|#Level:Host|#hostname:LAPTOP-DMBJ9SCI,timestamp:null
2022-12-02T13:46:59,752 - WorkerThreadTime.ms:55|#Level:Host|#hostname:LAPTOP-DMBJ9SCI,timestamp:null
2022-12-02T13:47:01,350 - CPUUtilization.Percent:0.0|#Level:Host|#hostname:LAPTOP-DMBJ9SCI,timestamp:1669969021
2022-12-02T13:47:01,356 - DiskAvailable.Gigabytes:939.9674911499023|#Level:Host|#hostname:LAPTOP-DMBJ9SCI,timestamp:1669969021
2022-12-02T13:47:01,365 - DiskUsage.Gigabytes:15.670818328857422|#Level:Host|#hostname:LAPTOP-DMBJ9SCI,timestamp:1669969021
2022-12-02T13:47:01,372 - DiskUtilization.Percent:1.6|#Level:Host|#hostname:LAPTOP-DMBJ9SCI,timestamp:1669969021
2022-12-02T13:47:01,379 - MemoryAvailable.Megabytes:690.21875|#Level:Host|#hostname:LAPTOP-DMBJ9SCI,timestamp:1669969021
2022-12-02T13:47:01,384 - MemoryUsed.Megabytes:2922.76171875|#Level:Host|#hostname:LAPTOP-DMBJ9SCI,timestamp:1669969021
2022-12-02T13:47:01,390 - MemoryUtilization.Percent:81.7|#Level:Host|#hostname:LAPTOP-DMBJ9SCI,timestamp:1669969021
2022-12-02T13:47:25,150 - Requests2XX.Count:1|#Level:Host|#hostname:LAPTOP-DMBJ9SCI,timestamp:null
2022-12-02T13:47:25,172 - QueueTime.ms:1|#Level:Host|#hostname:LAPTOP-DMBJ9SCI,timestamp:null
2022-12-02T13:47:25,178 - WorkerThreadTime.ms:174|#Level:Host|#hostname:LAPTOP-DMBJ9SCI,timestamp:null
2022-12-02T13:47:50,297 - Requests2XX.Count:1|#Level:Host|#hostname:LAPTOP-DMBJ9SCI,timestamp:null
2022-12-02T13:47:50,317 - QueueTime.ms:2|#Level:Host|#hostname:LAPTOP-DMBJ9SCI,timestamp:null
2022-12-02T13:47:50,326 - WorkerThreadTime.ms:253|#Level:Host|#hostname:LAPTOP-DMBJ9SCI,timestamp:null
2022-12-02T13:48:01,669 - CPUUtilization.Percent:0.0|#Level:Host|#hostname:LAPTOP-DMBJ9SCI,timestamp:1669969081
2022-12-02T13:48:01,676 - DiskAvailable.Gigabytes:939.9674911499023|#Level:Host|#hostname:LAPTOP-DMBJ9SCI,timestamp:1669969081
2022-12-02T13:48:01,682 - DiskUsage.Gigabytes:15.670818328857422|#Level:Host|#hostname:LAPTOP-DMBJ9SCI,timestamp:1669969081
2022-12-02T13:48:01,689 - DiskUtilization.Percent:1.6|#Level:Host|#hostname:LAPTOP-DMBJ9SCI,timestamp:1669969081
2022-12-02T13:48:01,698 - MemoryAvailable.Megabytes:112.69921875|#Level:Host|#hostname:LAPTOP-DMBJ9SCI,timestamp:1669969081
2022-12-02T13:48:01,704 - MemoryUsed.Megabytes:3503.57421875|#Level:Host|#hostname:LAPTOP-DMBJ9SCI,timestamp:1669969081
2022-12-02T13:48:01,710 - MemoryUtilization.Percent:97.0|#Level:Host|#hostname:LAPTOP-DMBJ9SCI,timestamp:1669969081
2022-12-02T13:48:05,919 - Requests2XX.Count:1|#Level:Host|#hostname:LAPTOP-DMBJ9SCI,timestamp:null
2022-12-02T13:48:05,958 - QueueTime.ms:6|#Level:Host|#hostname:LAPTOP-DMBJ9SCI,timestamp:null
2022-12-02T13:48:05,967 - WorkerThreadTime.ms:118|#Level:Host|#hostname:LAPTOP-DMBJ9SCI,timestamp:null
2022-12-02T13:48:32,214 - Requests2XX.Count:1|#Level:Host|#hostname:LAPTOP-DMBJ9SCI,timestamp:null
2022-12-02T13:48:32,235 - QueueTime.ms:0|#Level:Host|#hostname:LAPTOP-DMBJ9SCI,timestamp:null
2022-12-02T13:48:32,243 - WorkerThreadTime.ms:92|#Level:Host|#hostname:LAPTOP-DMBJ9SCI,timestamp:null
2022-12-02T13:48:43,768 - Requests2XX.Count:1|#Level:Host|#hostname:LAPTOP-DMBJ9SCI,timestamp:null
2022-12-02T13:48:43,782 - QueueTime.ms:0|#Level:Host|#hostname:LAPTOP-DMBJ9SCI,timestamp:null
2022-12-02T13:48:43,791 - WorkerThreadTime.ms:137|#Level:Host|#hostname:LAPTOP-DMBJ9SCI,timestamp:null
2022-12-02T13:48:50,708 - Requests2XX.Count:1|#Level:Host|#hostname:LAPTOP-DMBJ9SCI,timestamp:null
2022-12-02T13:48:50,822 - QueueTime.ms:0|#Level:Host|#hostname:LAPTOP-DMBJ9SCI,timestamp:null
2022-12-02T13:48:50,851 - WorkerThreadTime.ms:174|#Level:Host|#hostname:LAPTOP-DMBJ9SCI,timestamp:null
2022-12-02T13:49:03,243 - CPUUtilization.Percent:0.0|#Level:Host|#hostname:LAPTOP-DMBJ9SCI,timestamp:1669969143
2022-12-02T13:49:03,251 - DiskAvailable.Gigabytes:939.9674911499023|#Level:Host|#hostname:LAPTOP-DMBJ9SCI,timestamp:1669969143
2022-12-02T13:49:03,262 - DiskUsage.Gigabytes:15.670818328857422|#Level:Host|#hostname:LAPTOP-DMBJ9SCI,timestamp:1669969143
2022-12-02T13:49:03,268 - DiskUtilization.Percent:1.6|#Level:Host|#hostname:LAPTOP-DMBJ9SCI,timestamp:1669969143
2022-12-02T13:49:03,279 - MemoryAvailable.Megabytes:97.5|#Level:Host|#hostname:LAPTOP-DMBJ9SCI,timestamp:1669969143
2022-12-02T13:49:03,284 - MemoryUsed.Megabytes:3548.8515625|#Level:Host|#hostname:LAPTOP-DMBJ9SCI,timestamp:1669969143
2022-12-02T13:49:03,295 - MemoryUtilization.Percent:97.4|#Level:Host|#hostname:LAPTOP-DMBJ9SCI,timestamp:1669969143
2022-12-02T13:49:06,179 - Requests2XX.Count:1|#Level:Host|#hostname:LAPTOP-DMBJ9SCI,timestamp:null
2022-12-02T13:49:06,217 - QueueTime.ms:1|#Level:Host|#hostname:LAPTOP-DMBJ9SCI,timestamp:null
2022-12-02T13:49:06,262 - WorkerThreadTime.ms:162|#Level:Host|#hostname:LAPTOP-DMBJ9SCI,timestamp:null
2022-12-02T13:49:21,315 - Requests2XX.Count:1|#Level:Host|#hostname:LAPTOP-DMBJ9SCI,timestamp:null
2022-12-02T13:49:21,340 - QueueTime.ms:0|#Level:Host|#hostname:LAPTOP-DMBJ9SCI,timestamp:null
2022-12-02T13:49:21,348 - WorkerThreadTime.ms:89|#Level:Host|#hostname:LAPTOP-DMBJ9SCI,timestamp:null
2022-12-02T13:49:39,785 - Requests2XX.Count:1|#Level:Host|#hostname:LAPTOP-DMBJ9SCI,timestamp:null
2022-12-02T13:49:39,844 - QueueTime.ms:0|#Level:Host|#hostname:LAPTOP-DMBJ9SCI,timestamp:null
2022-12-02T13:49:39,856 - WorkerThreadTime.ms:655|#Level:Host|#hostname:LAPTOP-DMBJ9SCI,timestamp:null
2022-12-02T13:49:51,655 - Requests2XX.Count:1|#Level:Host|#hostname:LAPTOP-DMBJ9SCI,timestamp:null
2022-12-02T13:49:51,696 - QueueTime.ms:0|#Level:Host|#hostname:LAPTOP-DMBJ9SCI,timestamp:null
2022-12-02T13:49:51,721 - WorkerThreadTime.ms:187|#Level:Host|#hostname:LAPTOP-DMBJ9SCI,timestamp:null
2022-12-02T13:50:02,142 - CPUUtilization.Percent:0.0|#Level:Host|#hostname:LAPTOP-DMBJ9SCI,timestamp:1669969202
2022-12-02T13:50:02,305 - DiskAvailable.Gigabytes:939.9674911499023|#Level:Host|#hostname:LAPTOP-DMBJ9SCI,timestamp:1669969202
2022-12-02T13:50:02,333 - DiskUsage.Gigabytes:15.670818328857422|#Level:Host|#hostname:LAPTOP-DMBJ9SCI,timestamp:1669969202
2022-12-02T13:50:02,368 - DiskUtilization.Percent:1.6|#Level:Host|#hostname:LAPTOP-DMBJ9SCI,timestamp:1669969202
2022-12-02T13:50:02,390 - MemoryAvailable.Megabytes:59.98828125|#Level:Host|#hostname:LAPTOP-DMBJ9SCI,timestamp:1669969202
2022-12-02T13:50:02,419 - MemoryUsed.Megabytes:3590.921875|#Level:Host|#hostname:LAPTOP-DMBJ9SCI,timestamp:1669969202
2022-12-02T13:50:02,437 - MemoryUtilization.Percent:98.4|#Level:Host|#hostname:LAPTOP-DMBJ9SCI,timestamp:1669969202
2022-12-02T13:50:12,302 - Requests5XX.Count:1|#Level:Host|#hostname:LAPTOP-DMBJ9SCI,timestamp:null
2022-12-02T13:50:27,526 - W-9003-carpartsdetection_3.0.ms:508418|#Level:Host|#hostname:LAPTOP-DMBJ9SCI,timestamp:1669969227
2022-12-02T13:50:27,536 - WorkerThreadTime.ms:215|#Level:Host|#hostname:LAPTOP-DMBJ9SCI,timestamp:null
2022-12-02T13:51:01,268 - CPUUtilization.Percent:0.0|#Level:Host|#hostname:LAPTOP-DMBJ9SCI,timestamp:1669969261
2022-12-02T13:51:01,276 - DiskAvailable.Gigabytes:939.9674911499023|#Level:Host|#hostname:LAPTOP-DMBJ9SCI,timestamp:1669969261
2022-12-02T13:51:01,282 - DiskUsage.Gigabytes:15.670818328857422|#Level:Host|#hostname:LAPTOP-DMBJ9SCI,timestamp:1669969261
2022-12-02T13:51:01,287 - DiskUtilization.Percent:1.6|#Level:Host|#hostname:LAPTOP-DMBJ9SCI,timestamp:1669969261
2022-12-02T13:51:01,293 - MemoryAvailable.Megabytes:619.62109375|#Level:Host|#hostname:LAPTOP-DMBJ9SCI,timestamp:1669969261
2022-12-02T13:51:01,299 - MemoryUsed.Megabytes:2995.35546875|#Level:Host|#hostname:LAPTOP-DMBJ9SCI,timestamp:1669969261
2022-12-02T13:51:01,304 - MemoryUtilization.Percent:83.6|#Level:Host|#hostname:LAPTOP-DMBJ9SCI,timestamp:1669969261
2022-12-02T13:52:01,396 - CPUUtilization.Percent:0.0|#Level:Host|#hostname:LAPTOP-DMBJ9SCI,timestamp:1669969321
2022-12-02T13:52:01,405 - DiskAvailable.Gigabytes:939.9674911499023|#Level:Host|#hostname:LAPTOP-DMBJ9SCI,timestamp:1669969321
2022-12-02T13:52:01,410 - DiskUsage.Gigabytes:15.670818328857422|#Level:Host|#hostname:LAPTOP-DMBJ9SCI,timestamp:1669969321
2022-12-02T13:52:01,418 - DiskUtilization.Percent:1.6|#Level:Host|#hostname:LAPTOP-DMBJ9SCI,timestamp:1669969321
2022-12-02T13:52:01,446 - MemoryAvailable.Megabytes:614.65625|#Level:Host|#hostname:LAPTOP-DMBJ9SCI,timestamp:1669969321
2022-12-02T13:52:01,453 - MemoryUsed.Megabytes:3000.3203125|#Level:Host|#hostname:LAPTOP-DMBJ9SCI,timestamp:1669969321
2022-12-02T13:52:01,458 - MemoryUtilization.Percent:83.7|#Level:Host|#hostname:LAPTOP-DMBJ9SCI,timestamp:1669969321
